yarn run v1.17.3
$ react-scripts build
Creating an optimized production build...
Compiled with warnings.

./src/App.js
  Line 1:  'useState' is defined but never used  no-unused-vars

Search for the keywords to learn more about each warning.
To ignore, add // eslint-disable-next-line to the line before.

File sizes after gzip:

  117.15 KB (-63.53 KB)  build/static/js/2.d1807f95.chunk.js
  38.95 KB               build/static/js/3.d07420a3.chunk.js
  1.18 KB (-1 B)         build/static/js/runtime~main.c0de14eb.js
  874 B                  build/static/js/main.b27310b6.chunk.js
  507 B                  build/static/css/main.929a3ee9.chunk.css
  453 B (-15 B)          build/static/js/4.ae3281bb.chunk.js

The project was built assuming it is hosted at the server root.
You can control this with the homepage field in your package.json.
For example, add this to build it for GitHub Pages:

  "homepage" : "http://myname.github.io/myapp",

The build folder is ready to be deployed.
You may serve it with a static server:

  yarn global add serve
  serve -s build

Find out more about deployment here:

  https://bit.ly/CRA-deploy

Done in 7.46s.
